<?xml version="1.0" encoding="UTF-8"?>
<!-- Generated by org.testng.reporters.JUnitReportReporter -->
<testsuite hostname="DESKTOP-NT4Q512" failures="0" tests="3" name="test.HomePageTest" time="16.656" errors="0" timestamp="2021-12-28T04:21:11 MSK" skipped="0">
  <testcase classname="test.HomePageTest" name="checkBusinessClassButton" time="6.367"/>
  <system-out/>
  <testcase classname="test.HomePageTest" name="checkAddKidButtonTest" time="5.201"/>
  <system-out/>
  <testcase classname="test.HomePageTest" name="findTripWithNoDataTest" time="5.088"/>
  <system-out/>
</testsuite> <!-- test.HomePageTest -->
